#
# There is insufficient memory for the Java Runtime Environment to continue.
# Native memory allocation (mmap) failed to map 10485760 bytes for G1 virtual space
# Possible reasons:
#   The system is out of physical RAM or swap space
#   The process is running with CompressedOops enabled, and the Java Heap may be blocking the growth of the native heap
# Possible solutions:
#   Reduce memory load on the system
#   Increase physical memory or swap space
#   Check if swap backing store is full
#   Decrease Java heap size (-Xmx/-Xms)
#   Decrease number of Java threads
#   Decrease Java thread stack sizes (-Xss)
#   Set larger code cache with -XX:ReservedCodeCacheSize=
#   JVM is running with Unscaled Compressed Oops mode in which the Java heap is
#     placed in the first 4GB address space. The Java Heap base address is the
#     maximum limit for the native heap growth. Please use -XX:HeapBaseMinAddress
#     to set the Java Heap base and to place the Java Heap above 4GB virtual address.
# This output file may be truncated or incomplete.
#
#  Out of Memory Error (os_windows.cpp:3600), pid=888, tid=1328
#
# JRE version: Java(TM) SE Runtime Environment (21.0.1+12) (build 21.0.1+12-LTS-29)
# Java VM: Java HotSpot(TM) 64-Bit Server VM (21.0.1+12-LTS-29, mixed mode, sharing, tiered, compressed oops, compressed class ptrs, g1 gc, windows-amd64)
# No core dump will be written. Minidumps are not enabled by default on client versions of Windows
#

---------------  S U M M A R Y ------------

Command Line: -javaagent:D:\IntelliJ_IDE\Application\IntelliJ IDEA Community Edition 2024.2\lib\idea_rt.jar=61917:D:\IntelliJ_IDE\Application\IntelliJ IDEA Community Edition 2024.2\bin -Dfile.encoding=UTF-8 -Dsun.stdout.encoding=UTF-8 -Dsun.stderr.encoding=UTF-8 com.example.B_Employee.BEmployeeApplication

Host: Intel(R) Core(TM) i3-8130U CPU @ 2.20GHz, 4 cores, 7G,  Windows 10 , 64 bit Build 19041 (10.0.19041.5198)
Time: Thu Jan 16 12:52:46 2025 India Standard Time elapsed time: 6.230615 seconds (0d 0h 0m 6s)

---------------  T H R E A D  ---------------

Current thread (0x000002c045236050):  VMThread "VM Thread"          [id=1328, stack(0x000000e919800000,0x000000e919900000) (1024K)]

Stack: [0x000000e919800000,0x000000e919900000]
Native frames: (J=compiled Java code, j=interpreted, Vv=VM code, C=native code)
V  [jvm.dll+0x6c9029]
V  [jvm.dll+0x854b81]
V  [jvm.dll+0x856e5e]
V  [jvm.dll+0x857543]
V  [jvm.dll+0x280c06]
V  [jvm.dll+0x6c5715]
V  [jvm.dll+0x6ba10a]
V  [jvm.dll+0x3557ea]
V  [jvm.dll+0x35d436]
V  [jvm.dll+0x3ae1be]
V  [jvm.dll+0x3ae468]
V  [jvm.dll+0x3291fc]
V  [jvm.dll+0x329287]
V  [jvm.dll+0x36db3c]
V  [jvm.dll+0x36c33d]
V  [jvm.dll+0x328971]
V  [jvm.dll+0x36ba4a]
V  [jvm.dll+0x85d048]
V  [jvm.dll+0x85e144]
V  [jvm.dll+0x85e680]
V  [jvm.dll+0x85e923]
V  [jvm.dll+0x7fd728]
V  [jvm.dll+0x6c777d]
C  [ucrtbase.dll+0x21bb2]
C  [KERNEL32.DLL+0x17374]
C  [ntdll.dll+0x4cc91]

VM_Operation (0x000000e9191fc410): G1CollectForAllocation, mode: safepoint, requested by thread 0x000002c0291931d0


---------------  P R O C E S S  ---------------

Threads class SMR info:
_java_thread_list=0x000002c08cc80540, length=19, elements={
0x000002c0291931d0, 0x000002c04525a7e0, 0x000002c04525bb10, 0x000002c04525f7f0,
0x000002c045260250, 0x000002c045260cb0, 0x000002c045261990, 0x000002c045262720,
0x000002c045274af0, 0x000002c045221b60, 0x000002c045730400, 0x000002c045619c00,
0x000002c045983cd0, 0x000002c08ceadb20, 0x000002c08cb28490, 0x000002c08babafc0,
0x000002c08cc3b2f0, 0x000002c08cb617a0, 0x000002c08c897840
}

Java Threads: ( => current thread )
  0x000002c0291931d0 JavaThread "main"                              [_thread_blocked, id=10512, stack(0x000000e919100000,0x000000e919200000) (1024K)]
  0x000002c04525a7e0 JavaThread "Reference Handler"          daemon [_thread_blocked, id=1356, stack(0x000000e919900000,0x000000e919a00000) (1024K)]
  0x000002c04525bb10 JavaThread "Finalizer"                  daemon [_thread_blocked, id=5228, stack(0x000000e919a00000,0x000000e919b00000) (1024K)]
  0x000002c04525f7f0 JavaThread "Signal Dispatcher"          daemon [_thread_blocked, id=8384, stack(0x000000e919b00000,0x000000e919c00000) (1024K)]
  0x000002c045260250 JavaThread "Attach Listener"            daemon [_thread_blocked, id=2400, stack(0x000000e919c00000,0x000000e919d00000) (1024K)]
  0x000002c045260cb0 JavaThread "Service Thread"             daemon [_thread_blocked, id=10372, stack(0x000000e919d00000,0x000000e919e00000) (1024K)]
  0x000002c045261990 JavaThread "Monitor Deflation Thread"   daemon [_thread_blocked, id=4916, stack(0x000000e919e00000,0x000000e919f00000) (1024K)]
  0x000002c045262720 JavaThread "C2 CompilerThread0"         daemon [_thread_blocked, id=8872, stack(0x000000e919f00000,0x000000e91a000000) (1024K)]
  0x000002c045274af0 JavaThread "C1 CompilerThread0"         daemon [_thread_blocked, id=10416, stack(0x000000e91a000000,0x000000e91a100000) (1024K)]
  0x000002c045221b60 JavaThread "Common-Cleaner"             daemon [_thread_blocked, id=1480, stack(0x000000e91a100000,0x000000e91a200000) (1024K)]
  0x000002c045730400 JavaThread "Monitor Ctrl-Break"         daemon [_thread_in_native, id=5356, stack(0x000000e91a200000,0x000000e91a300000) (1024K)]
  0x000002c045619c00 JavaThread "Notification Thread"        daemon [_thread_blocked, id=2108, stack(0x000000e91a300000,0x000000e91a400000) (1024K)]
  0x000002c045983cd0 JavaThread "C2 CompilerThread1"         daemon [_thread_blocked, id=9872, stack(0x000000e91a400000,0x000000e91a500000) (1024K)]
  0x000002c08ceadb20 JavaThread "Catalina-utility-1"                [_thread_blocked, id=7868, stack(0x000000e91a800000,0x000000e91a900000) (1024K)]
  0x000002c08cb28490 JavaThread "Catalina-utility-2"                [_thread_blocked, id=7584, stack(0x000000e91a900000,0x000000e91aa00000) (1024K)]
  0x000002c08babafc0 JavaThread "container-0"                       [_thread_blocked, id=10988, stack(0x000000e91aa00000,0x000000e91ab00000) (1024K)]
  0x000002c08cc3b2f0 JavaThread "mysql-cj-abandoned-connection-cleanup" daemon [_thread_blocked, id=8492, stack(0x000000e91ab00000,0x000000e91ac00000) (1024K)]
  0x000002c08cb617a0 JavaThread "HikariPool-1 housekeeper"   daemon [_thread_blocked, id=10516, stack(0x000000e91ad00000,0x000000e91ae00000) (1024K)]
  0x000002c08c897840 JavaThread "HikariPool-1 connection adder" daemon [_thread_blocked, id=10936, stack(0x000000e91ae00000,0x000000e91af00000) (1024K)]
Total: 19

Other Threads:
=>0x000002c045236050 VMThread "VM Thread"                           [id=1328, stack(0x000000e919800000,0x000000e919900000) (1024K)]
  0x000002c045221070 WatcherThread "VM Periodic Task Thread"        [id=10376, stack(0x000000e919700000,0x000000e919800000) (1024K)]
  0x000002c0291e9d70 WorkerThread "GC Thread#0"                     [id=4220, stack(0x000000e919200000,0x000000e919300000) (1024K)]
  0x000002c045dd3bf0 WorkerThread "GC Thread#1"                     [id=11164, stack(0x000000e91a500000,0x000000e91a600000) (1024K)]
  0x000002c045dd3f90 WorkerThread "GC Thread#2"                     [id=6748, stack(0x000000e91a600000,0x000000e91a700000) (1024K)]
  0x000002c045c10ca0 WorkerThread "GC Thread#3"                     [id=10080, stack(0x000000e91a700000,0x000000e91a800000) (1024K)]
  0x000002c0291fbb20 ConcurrentGCThread "G1 Main Marker"            [id=6612, stack(0x000000e919300000,0x000000e919400000) (1024K)]
  0x000002c0291fce80 WorkerThread "G1 Conc#0"                       [id=1432, stack(0x000000e919400000,0x000000e919500000) (1024K)]
  0x000002c0450e20c0 ConcurrentGCThread "G1 Refine#0"               [id=10500, stack(0x000000e919500000,0x000000e919600000) (1024K)]
  0x000002c0450e2b40 ConcurrentGCThread "G1 Service"                [id=9276, stack(0x000000e919600000,0x000000e919700000) (1024K)]
Total: 10

Threads with active compile tasks:
Total: 0

VM state: at safepoint (normal execution)

VM Mutex/Monitor currently owned by a thread:  ([mutex/lock_event])
[0x00007ffda158a5f8] Threads_lock - owner thread: 0x000002c045236050
[0x00007ffda158a6f8] Heap_lock - owner thread: 0x000002c0291931d0

Heap address: 0x0000000081800000, size: 2024 MB, Compressed Oops mode: 32-bit

CDS archive(s) mapped at: [0x000002c046000000-0x000002c046c90000-0x000002c046c90000), size 13172736, SharedBaseAddress: 0x000002c046000000, ArchiveRelocationMode: 1.
Compressed class space mapped at: 0x000002c047000000-0x000002c087000000, reserved size: 1073741824
Narrow klass base: 0x000002c046000000, Narrow klass shift: 0, Narrow klass range: 0x100000000

GC Precious Log:
 CardTable entry size: 512
 Card Set container configuration: InlinePtr #cards 5 size 8 Array Of Cards #cards 12 size 40 Howl #buckets 4 coarsen threshold 1843 Howl Bitmap #cards 512 size 80 coarsen threshold 460 Card regions per heap region 1 cards per card region 2048
 CPUs: 4 total, 4 available
 Memory: 8093M
 Large Page Support: Disabled
 NUMA Support: Disabled
 Compressed Oops: Enabled (32-bit)
 Heap Region Size: 1M
 Heap Min Capacity: 8M
 Heap Initial Capacity: 128M
 Heap Max Capacity: 2024M
 Pre-touch: Disabled
 Parallel Workers: 4
 Concurrent Workers: 1
 Concurrent Refinement Workers: 4
 Periodic GC: Disabled

Heap:
 garbage-first heap   total 48128K, used 23516K [0x0000000081800000, 0x0000000100000000)
  region size 1024K, 3 young (3072K), 3 survivors (3072K)
 Metaspace       used 56187K, committed 56768K, reserved 1114112K
  class space    used 7458K, committed 7680K, reserved 1048576K

Heap Regions: E=young(eden), S=young(survivor), O=old, HS=humongous(starts), HC=humongous(continues), CS=collection set, F=free, TAMS=top-at-mark-start, PB=parsable bottom
|   0|0x0000000081800000, 0x0000000081900000, 0x0000000081900000|100%|HS|  |TAMS 0x0000000081800000| PB 0x0000000081800000| Complete 
|   1|0x0000000081900000, 0x0000000081a00000, 0x0000000081a00000|100%|HS|  |TAMS 0x0000000081900000| PB 0x0000000081900000| Complete 
|   2|0x0000000081a00000, 0x0000000081b00000, 0x0000000081b00000|100%| O|  |TAMS 0x0000000081a00000| PB 0x0000000081a00000| Untracked 
|   3|0x0000000081b00000, 0x0000000081c00000, 0x0000000081c00000|100%| O|  |TAMS 0x0000000081b00000| PB 0x0000000081b00000| Untracked 
|   4|0x0000000081c00000, 0x0000000081d00000, 0x0000000081d00000|100%| O|  |TAMS 0x0000000081c00000| PB 0x0000000081c00000| Untracked 
|   5|0x0000000081d00000, 0x0000000081e00000, 0x0000000081e00000|100%| O|  |TAMS 0x0000000081d00000| PB 0x0000000081d00000| Untracked 
|   6|0x0000000081e00000, 0x0000000081f00000, 0x0000000081f00000|100%| O|  |TAMS 0x0000000081e00000| PB 0x0000000081e00000| Untracked 
|   7|0x0000000081f00000, 0x0000000082000000, 0x0000000082000000|100%| O|  |TAMS 0x0000000081f00000| PB 0x0000000081f00000| Untracked 
|   8|0x0000000082000000, 0x0000000082100000, 0x0000000082100000|100%| O|  |TAMS 0x0000000082000000| PB 0x0000000082000000| Untracked 
|   9|0x0000000082100000, 0x0000000082200000, 0x0000000082200000|100%| O|  |TAMS 0x0000000082100000| PB 0x0000000082100000| Untracked 
|  10|0x0000000082200000, 0x0000000082300000, 0x0000000082300000|100%| O|  |TAMS 0x0000000082200000| PB 0x0000000082200000| Untracked 
|  11|0x0000000082300000, 0x0000000082400000, 0x0000000082400000|100%| O|  |TAMS 0x0000000082300000| PB 0x0000000082300000| Untracked 
|  12|0x0000000082400000, 0x0000000082500000, 0x0000000082500000|100%| O|  |TAMS 0x0000000082400000| PB 0x0000000082400000| Untracked 
|  13|0x0000000082500000, 0x0000000082500000, 0x0000000082600000|  0%| F|  |TAMS 0x0000000082500000| PB 0x0000000082500000| Untracked 
|  14|0x0000000082600000, 0x0000000082700000, 0x0000000082700000|100%| O|  |TAMS 0x0000000082600000| PB 0x0000000082600000| Untracked 
|  15|0x0000000082700000, 0x0000000082800000, 0x0000000082800000|100%| O|  |TAMS 0x0000000082700000| PB 0x0000000082700000| Untracked 
|  16|0x0000000082800000, 0x0000000082900000, 0x0000000082900000|100%| O|  |TAMS 0x0000000082800000| PB 0x0000000082800000| Untracked 
|  17|0x0000000082900000, 0x0000000082a00000, 0x0000000082a00000|100%| O|  |TAMS 0x0000000082900000| PB 0x0000000082900000| Untracked 
|  18|0x0000000082a00000, 0x0000000082b00000, 0x0000000082b00000|100%| O|  |TAMS 0x0000000082a00000| PB 0x0000000082a00000| Untracked 
|  19|0x0000000082b00000, 0x0000000082c00000, 0x0000000082c00000|100%| O|  |TAMS 0x0000000082b00000| PB 0x0000000082b00000| Untracked 
|  20|0x0000000082c00000, 0x0000000082d00000, 0x0000000082d00000|100%| O|  |TAMS 0x0000000082c00000| PB 0x0000000082c00000| Untracked 
|  21|0x0000000082d00000, 0x0000000082d00000, 0x0000000082e00000|  0%| F|  |TAMS 0x0000000082d00000| PB 0x0000000082d00000| Untracked 
|  22|0x0000000082e00000, 0x0000000082e00000, 0x0000000082f00000|  0%| F|  |TAMS 0x0000000082e00000| PB 0x0000000082e00000| Untracked 
|  23|0x0000000082f00000, 0x0000000082f14500, 0x0000000083000000|  7%| S|CS|TAMS 0x0000000082f00000| PB 0x0000000082f00000| Complete 
|  24|0x0000000083000000, 0x00000000830e2ca0, 0x0000000083100000| 88%| O|  |TAMS 0x0000000083000000| PB 0x0000000083000000| Untracked 
|  25|0x0000000083100000, 0x0000000083200000, 0x0000000083200000|100%| S|CS|TAMS 0x0000000083100000| PB 0x0000000083100000| Complete 
|  26|0x0000000083200000, 0x0000000083200000, 0x0000000083300000|  0%| F|  |TAMS 0x0000000083200000| PB 0x0000000083200000| Untracked 
|  27|0x0000000083300000, 0x0000000083300000, 0x0000000083400000|  0%| F|  |TAMS 0x0000000083300000| PB 0x0000000083300000| Untracked 
|  28|0x0000000083400000, 0x0000000083500000, 0x0000000083500000|100%| S|CS|TAMS 0x0000000083400000| PB 0x0000000083400000| Complete 
|  29|0x0000000083500000, 0x0000000083500000, 0x0000000083600000|  0%| F|  |TAMS 0x0000000083500000| PB 0x0000000083500000| Untracked 
|  30|0x0000000083600000, 0x0000000083600000, 0x0000000083700000|  0%| F|  |TAMS 0x0000000083600000| PB 0x0000000083600000| Untracked 
|  31|0x0000000083700000, 0x0000000083700000, 0x0000000083800000|  0%| F|  |TAMS 0x0000000083700000| PB 0x0000000083700000| Untracked 
|  32|0x0000000083800000, 0x0000000083800000, 0x0000000083900000|  0%| F|  |TAMS 0x0000000083800000| PB 0x0000000083800000| Untracked 
|  33|0x0000000083900000, 0x0000000083900000, 0x0000000083a00000|  0%| F|  |TAMS 0x0000000083900000| PB 0x0000000083900000| Untracked 
|  34|0x0000000083a00000, 0x0000000083a00000, 0x0000000083b00000|  0%| F|  |TAMS 0x0000000083a00000| PB 0x0000000083a00000| Untracked 
|  35|0x0000000083b00000, 0x0000000083b00000, 0x0000000083c00000|  0%| F|  |TAMS 0x0000000083b00000| PB 0x0000000083b00000| Untracked 
|  36|0x0000000083c00000, 0x0000000083c00000, 0x0000000083d00000|  0%| F|  |TAMS 0x0000000083c00000| PB 0x0000000083c00000| Untracked 
|  37|0x0000000083d00000, 0x0000000083d00000, 0x0000000083e00000|  0%| F|  |TAMS 0x0000000083d00000| PB 0x0000000083d00000| Untracked 
|  38|0x0000000083e00000, 0x0000000083e00000, 0x0000000083f00000|  0%| F|  |TAMS 0x0000000083e00000| PB 0x0000000083e00000| Untracked 
|  39|0x0000000083f00000, 0x0000000083f00000, 0x0000000084000000|  0%| F|  |TAMS 0x0000000083f00000| PB 0x0000000083f00000| Untracked 
|  57|0x0000000085100000, 0x0000000085100000, 0x0000000085200000|  0%| F|  |TAMS 0x0000000085100000| PB 0x0000000085100000| Untracked 
|  58|0x0000000085200000, 0x0000000085200000, 0x0000000085300000|  0%| F|  |TAMS 0x0000000085200000| PB 0x0000000085200000| Untracked 
|  59|0x0000000085300000, 0x0000000085300000, 0x0000000085400000|  0%| F|  |TAMS 0x0000000085300000| PB 0x0000000085300000| Untracked 
|  60|0x0000000085400000, 0x0000000085400000, 0x0000000085500000|  0%| F|  |TAMS 0x0000000085400000| PB 0x0000000085400000| Untracked 
|  61|0x0000000085500000, 0x0000000085500000, 0x0000000085600000|  0%| F|  |TAMS 0x0000000085500000| PB 0x0000000085500000| Untracked 
|  62|0x0000000085600000, 0x0000000085600000, 0x0000000085700000|  0%| F|  |TAMS 0x0000000085600000| PB 0x0000000085600000| Untracked 
|  63|0x0000000085700000, 0x0000000085700000, 0x0000000085800000|  0%| F|  |TAMS 0x0000000085700000| PB 0x0000000085700000| Untracked 

Card table byte_map: [0x000002c0409f0000,0x000002c040df0000] _byte_map_base: 0x000002c0405e4000

Marking Bits: (CMBitMap*) 0x000002c0291eb390
 Bits: [0x000002c040df0000, 0x000002c042d90000)

Polling page: 0x000002c027300000

Metaspace:

Usage:
  Non-class:     47.59 MB used.
      Class:      7.28 MB used.
       Both:     54.87 MB used.

Virtual space:
  Non-class space:       64.00 MB reserved,      47.94 MB ( 75%) committed,  1 nodes.
      Class space:        1.00 GB reserved,       7.50 MB ( <1%) committed,  1 nodes.
             Both:        1.06 GB reserved,      55.44 MB (  5%) committed. 

Chunk freelists:
   Non-Class:  96.00 KB
       Class:  8.38 MB
        Both:  8.47 MB

MaxMetaspaceSize: unlimited
CompressedClassSpaceSize: 1.00 GB
Initial GC threshold: 21.00 MB
Current GC threshold: 59.00 MB
CDS: on
 - commit_granule_bytes: 65536.
 - commit_granule_words: 8192.
 - virtual_space_node_default_size: 8388608.
 - enlarge_chunks_in_place: 1.
 - use_allocation_guard: 0.


Internal statistics:

num_allocs_failed_limit: 6.
num_arena_births: 770.
num_arena_deaths: 0.
num_vsnodes_births: 2.
num_vsnodes_deaths: 0.
num_space_committed: 887.
num_space_uncommitted: 0.
num_chunks_returned_to_freelist: 6.
num_chunks_taken_from_freelist: 2686.
num_chunk_merges: 3.
num_chunk_splits: 1915.
num_chunks_enlarged: 1451.
num_inconsistent_stats: 0.

CodeHeap 'non-profiled nmethods': size=120000Kb used=2825Kb max_used=2825Kb free=117175Kb
 bounds [0x000002c0390c0000, 0x000002c039390000, 0x000002c0405f0000]
CodeHeap 'profiled nmethods': size=120000Kb used=9252Kb max_used=9252Kb free=110747Kb
 bounds [0x000002c0315f0000, 0x000002c031f00000, 0x000002c038b20000]
CodeHeap 'non-nmethods': size=5760Kb used=1651Kb max_used=1694Kb free=4108Kb
 bounds [0x000002c038b20000, 0x000002c038d90000, 0x000002c0390c0000]
 total_blobs=5301 nmethods=4612 adapters=592
 compilation: enabled
              stopped_count=0, restarted_count=0
 full_count=0

Compilation events (20 events):
Event: 6.131 Thread 0x000002c045262720 nmethod 5023 0x000002c039380610 code [0x000002c0393807c0, 0x000002c039380a38]
Event: 6.131 Thread 0x000002c045983cd0 nmethod 5024 0x000002c039380c10 code [0x000002c039380dc0, 0x000002c039381018]
Event: 6.131 Thread 0x000002c045274af0 5027       3       net.bytebuddy.description.method.MethodDescription$ForLoadedMethod::<init> (6 bytes)
Event: 6.131 Thread 0x000002c045274af0 nmethod 5027 0x000002c031ef3b10 code [0x000002c031ef3ce0, 0x000002c031ef4088]
Event: 6.131 Thread 0x000002c045274af0 5028       3       net.bytebuddy.description.method.MethodDescription$TypeSubstituting::getInternalName (10 bytes)
Event: 6.131 Thread 0x000002c045274af0 nmethod 5028 0x000002c031ef4210 code [0x000002c031ef43c0, 0x000002c031ef4598]
Event: 6.133 Thread 0x000002c045274af0 5029       3       org.jboss.logging.Logger::join (112 bytes)
Event: 6.134 Thread 0x000002c045274af0 nmethod 5029 0x000002c031ef4690 code [0x000002c031ef49a0, 0x000002c031ef5758]
Event: 6.134 Thread 0x000002c045274af0 5030       3       java.lang.invoke.MethodHandles$Lookup::findClass (19 bytes)
Event: 6.134 Thread 0x000002c045274af0 nmethod 5030 0x000002c031ef5d90 code [0x000002c031ef5fa0, 0x000002c031ef6408]
Event: 6.135 Thread 0x000002c045274af0 5031       3       java.lang.invoke.MethodHandles$Lookup::lookupModes (8 bytes)
Event: 6.135 Thread 0x000002c045274af0 nmethod 5031 0x000002c03198c990 code [0x000002c03198cb20, 0x000002c03198cc30]
Event: 6.171 Thread 0x000002c045274af0 5032       3       java.util.stream.StreamSpliterators$WrappingSpliterator$$Lambda/0x000002c0470c9f28::accept (9 bytes)
Event: 6.171 Thread 0x000002c045274af0 nmethod 5032 0x000002c031ef6610 code [0x000002c031ef67c0, 0x000002c031ef6998]
Event: 6.175 Thread 0x000002c045262720 5033       4       sun.invoke.util.VerifyAccess::isClassAccessible (230 bytes)
Event: 6.178 Thread 0x000002c045262720 nmethod 5033 0x000002c039381510 code [0x000002c039381700, 0x000002c039381a80]
Event: 6.179 Thread 0x000002c045274af0 5036       3       jdk.internal.org.objectweb.asm.Frame::getAbstractTypeFromDescriptor (415 bytes)
Event: 6.180 Thread 0x000002c045274af0 nmethod 5036 0x000002c031ef6a90 code [0x000002c031ef6e40, 0x000002c031ef89d8]
Event: 6.197 Thread 0x000002c045274af0 5038       3       java.lang.invoke.MethodHandle::viewAsType (33 bytes)
Event: 6.198 Thread 0x000002c045274af0 nmethod 5038 0x000002c031ef9290 code [0x000002c031ef9440, 0x000002c031ef9620]

GC Heap History (19 events):
Event: 0.576 GC heap before
{Heap before GC invocations=0 (full 0):
 garbage-first heap   total 131072K, used 15360K [0x0000000081800000, 0x0000000100000000)
  region size 1024K, 13 young (13312K), 0 survivors (0K)
 Metaspace       used 3892K, committed 4096K, reserved 1114112K
  class space    used 401K, committed 512K, reserved 1048576K
}
Event: 0.580 GC heap after
{Heap after GC invocations=1 (full 0):
 garbage-first heap   total 131072K, used 6743K [0x0000000081800000, 0x0000000100000000)
  region size 1024K, 2 young (2048K), 2 survivors (2048K)
 Metaspace       used 3892K, committed 4096K, reserved 1114112K
  class space    used 401K, committed 512K, reserved 1048576K
}
Event: 0.941 GC heap before
{Heap before GC invocations=1 (full 0):
 garbage-first heap   total 131072K, used 21079K [0x0000000081800000, 0x0000000100000000)
  region size 1024K, 16 young (16384K), 2 survivors (2048K)
 Metaspace       used 7898K, committed 8128K, reserved 1114112K
  class space    used 937K, committed 1024K, reserved 1048576K
}
Event: 0.945 GC heap after
{Heap after GC invocations=2 (full 0):
 garbage-first heap   total 131072K, used 8279K [0x0000000081800000, 0x0000000100000000)
  region size 1024K, 2 young (2048K), 2 survivors (2048K)
 Metaspace       used 7898K, committed 8128K, reserved 1114112K
  class space    used 937K, committed 1024K, reserved 1048576K
}
Event: 2.312 GC heap before
{Heap before GC invocations=2 (full 0):
 garbage-first heap   total 131072K, used 69719K [0x0000000081800000, 0x0000000100000000)
  region size 1024K, 64 young (65536K), 2 survivors (2048K)
 Metaspace       used 21206K, committed 21504K, reserved 1114112K
  class space    used 2558K, committed 2688K, reserved 1048576K
}
Event: 2.322 GC heap after
{Heap after GC invocations=3 (full 0):
 garbage-first heap   total 131072K, used 14015K [0x0000000081800000, 0x0000000100000000)
  region size 1024K, 7 young (7168K), 7 survivors (7168K)
 Metaspace       used 21206K, committed 21504K, reserved 1114112K
  class space    used 2558K, committed 2688K, reserved 1048576K
}
Event: 2.969 GC heap before
{Heap before GC invocations=4 (full 0):
 garbage-first heap   total 48128K, used 35519K [0x0000000081800000, 0x0000000100000000)
  region size 1024K, 28 young (28672K), 7 survivors (7168K)
 Metaspace       used 25270K, committed 25728K, reserved 1114112K
  class space    used 3153K, committed 3392K, reserved 1048576K
}
Event: 2.988 GC heap after
{Heap after GC invocations=5 (full 0):
 garbage-first heap   total 48128K, used 16883K [0x0000000081800000, 0x0000000100000000)
  region size 1024K, 3 young (3072K), 3 survivors (3072K)
 Metaspace       used 25270K, committed 25728K, reserved 1114112K
  class space    used 3153K, committed 3392K, reserved 1048576K
}
Event: 3.473 GC heap before
{Heap before GC invocations=5 (full 0):
 garbage-first heap   total 48128K, used 36339K [0x0000000081800000, 0x0000000100000000)
  region size 1024K, 22 young (22528K), 3 survivors (3072K)
 Metaspace       used 29146K, committed 29632K, reserved 1114112K
  class space    used 3664K, committed 3904K, reserved 1048576K
}
Event: 3.480 GC heap after
{Heap after GC invocations=6 (full 0):
 garbage-first heap   total 48128K, used 18102K [0x0000000081800000, 0x0000000100000000)
  region size 1024K, 2 young (2048K), 2 survivors (2048K)
 Metaspace       used 29146K, committed 29632K, reserved 1114112K
  class space    used 3664K, committed 3904K, reserved 1048576K
}
Event: 4.198 GC heap before
{Heap before GC invocations=6 (full 0):
 garbage-first heap   total 48128K, used 37558K [0x0000000081800000, 0x0000000100000000)
  region size 1024K, 22 young (22528K), 2 survivors (2048K)
 Metaspace       used 34799K, committed 35328K, reserved 1114112K
  class space    used 4528K, committed 4800K, reserved 1048576K
}
Event: 4.203 GC heap after
{Heap after GC invocations=7 (full 0):
 garbage-first heap   total 48128K, used 19346K [0x0000000081800000, 0x0000000100000000)
  region size 1024K, 2 young (2048K), 2 survivors (2048K)
 Metaspace       used 34799K, committed 35328K, reserved 1114112K
  class space    used 4528K, committed 4800K, reserved 1048576K
}
Event: 4.262 GC heap before
{Heap before GC invocations=7 (full 0):
 garbage-first heap   total 48128K, used 21394K [0x0000000081800000, 0x0000000100000000)
  region size 1024K, 5 young (5120K), 2 survivors (2048K)
 Metaspace       used 35447K, committed 35968K, reserved 1114112K
  class space    used 4651K, committed 4928K, reserved 1048576K
}
Event: 4.264 GC heap after
{Heap after GC invocations=8 (full 0):
 garbage-first heap   total 48128K, used 19312K [0x0000000081800000, 0x0000000100000000)
  region size 1024K, 2 young (2048K), 2 survivors (2048K)
 Metaspace       used 35447K, committed 35968K, reserved 1114112K
  class space    used 4651K, committed 4928K, reserved 1048576K
}
Event: 5.277 GC heap before
{Heap before GC invocations=9 (full 0):
 garbage-first heap   total 48128K, used 39792K [0x0000000081800000, 0x0000000100000000)
  region size 1024K, 23 young (23552K), 2 survivors (2048K)
 Metaspace       used 45093K, committed 45632K, reserved 1114112K
  class space    used 5832K, committed 6080K, reserved 1048576K
}
Event: 5.282 GC heap after
{Heap after GC invocations=10 (full 0):
 garbage-first heap   total 48128K, used 21632K [0x0000000081800000, 0x0000000100000000)
  region size 1024K, 3 young (3072K), 3 survivors (3072K)
 Metaspace       used 45093K, committed 45632K, reserved 1114112K
  class space    used 5832K, committed 6080K, reserved 1048576K
}
Event: 5.765 GC heap before
{Heap before GC invocations=10 (full 0):
 garbage-first heap   total 48128K, used 41088K [0x0000000081800000, 0x0000000100000000)
  region size 1024K, 22 young (22528K), 3 survivors (3072K)
 Metaspace       used 49747K, committed 50304K, reserved 1114112K
  class space    used 6396K, committed 6656K, reserved 1048576K
}
Event: 5.773 GC heap after
{Heap after GC invocations=11 (full 0):
 garbage-first heap   total 48128K, used 22935K [0x0000000081800000, 0x0000000100000000)
  region size 1024K, 2 young (2048K), 2 survivors (2048K)
 Metaspace       used 49747K, committed 50304K, reserved 1114112K
  class space    used 6396K, committed 6656K, reserved 1048576K
}
Event: 6.227 GC heap before
{Heap before GC invocations=11 (full 0):
 garbage-first heap   total 48128K, used 41367K [0x0000000081800000, 0x0000000100000000)
  region size 1024K, 20 young (20480K), 2 survivors (2048K)
 Metaspace       used 56187K, committed 56768K, reserved 1114112K
  class space    used 7458K, committed 7680K, reserved 1048576K
}

Dll operation events (14 events):
Event: 0.010 Loaded shared library C:\Program Files\Java\jdk-21\bin\java.dll
Event: 0.054 Loaded shared library C:\Program Files\Java\jdk-21\bin\jsvml.dll
Event: 0.165 Loaded shared library C:\Program Files\Java\jdk-21\bin\zip.dll
Event: 0.168 Loaded shared library C:\Program Files\Java\jdk-21\bin\instrument.dll
Event: 0.172 Loaded shared library C:\Program Files\Java\jdk-21\bin\net.dll
Event: 0.174 Loaded shared library C:\Program Files\Java\jdk-21\bin\nio.dll
Event: 0.176 Loaded shared library C:\Program Files\Java\jdk-21\bin\zip.dll
Event: 0.269 Loaded shared library D:\IntelliJ_IDE\Application\IntelliJ IDEA Community Edition 2024.2\bin\breakgen64.dll
Event: 0.279 Loaded shared library C:\Program Files\Java\jdk-21\bin\extnet.dll
Event: 0.309 Loaded shared library C:\Program Files\Java\jdk-21\bin\jimage.dll
Event: 1.575 Loaded shared library C:\Program Files\Java\jdk-21\bin\sunmscapi.dll
Event: 3.285 Loaded shared library C:\Program Files\Java\jdk-21\bin\management.dll
Event: 3.286 Loaded shared library C:\Program Files\Java\jdk-21\bin\management_ext.dll
Event: 4.098 Loaded shared library C:\Program Files\Java\jdk-21\bin\verify.dll

Deoptimization events (20 events):
Event: 5.503 Thread 0x000002c0291931d0 DEOPT PACKING pc=0x000002c039146688 sp=0x000000e9191fdc20
Event: 5.503 Thread 0x000002c0291931d0 DEOPT UNPACKING pc=0x000002c038b746a2 sp=0x000000e9191fdba8 mode 2
Event: 5.510 Thread 0x000002c08c897840 DEOPT PACKING pc=0x000002c0318db95d sp=0x000000e91aefe1f0
Event: 5.510 Thread 0x000002c08c897840 DEOPT UNPACKING pc=0x000002c038b74e42 sp=0x000000e91aefd678 mode 0
Event: 5.513 Thread 0x000002c08c897840 DEOPT PACKING pc=0x000002c0318db95d sp=0x000000e91aefdcc0
Event: 5.513 Thread 0x000002c08c897840 DEOPT UNPACKING pc=0x000002c038b74e42 sp=0x000000e91aefd148 mode 0
Event: 5.573 Thread 0x000002c08c897840 DEOPT PACKING pc=0x000002c031b671ea sp=0x000000e91aefdea0
Event: 5.573 Thread 0x000002c08c897840 DEOPT UNPACKING pc=0x000002c038b74e42 sp=0x000000e91aefd328 mode 0
Event: 6.073 Thread 0x000002c0291931d0 Uncommon trap: trap_request=0xffffff45 fr.pc=0x000002c03929ca2c relative=0x00000000000007ac
Event: 6.073 Thread 0x000002c0291931d0 Uncommon trap: reason=unstable_if action=reinterpret pc=0x000002c03929ca2c method=java.util.HashMap$HashIterator.<init>(Ljava/util/HashMap;)V @ 45 c2
Event: 6.073 Thread 0x000002c0291931d0 DEOPT PACKING pc=0x000002c03929ca2c sp=0x000000e9191fd2a0
Event: 6.073 Thread 0x000002c0291931d0 DEOPT UNPACKING pc=0x000002c038b746a2 sp=0x000000e9191fd130 mode 2
Event: 6.079 Thread 0x000002c0291931d0 Uncommon trap: trap_request=0xffffffde fr.pc=0x000002c0392e5284 relative=0x0000000000000744
Event: 6.079 Thread 0x000002c0291931d0 Uncommon trap: reason=class_check action=maybe_recompile pc=0x000002c0392e5284 method=java.lang.reflect.Executable.getAnnotation(Ljava/lang/Class;)Ljava/lang/annotation/Annotation; @ 19 c2
Event: 6.079 Thread 0x000002c0291931d0 DEOPT PACKING pc=0x000002c0392e5284 sp=0x000000e9191fc460
Event: 6.079 Thread 0x000002c0291931d0 DEOPT UNPACKING pc=0x000002c038b746a2 sp=0x000000e9191fc3c8 mode 2
Event: 6.116 Thread 0x000002c0291931d0 Uncommon trap: trap_request=0xffffff45 fr.pc=0x000002c0392524e4 relative=0x0000000000000ec4
Event: 6.116 Thread 0x000002c0291931d0 Uncommon trap: reason=unstable_if action=reinterpret pc=0x000002c0392524e4 method=jdk.internal.org.objectweb.asm.Frame.getAbstractTypeFromDescriptor(Ljdk/internal/org/objectweb/asm/SymbolTable;Ljava/lang/String;I)I @ 189 c2
Event: 6.116 Thread 0x000002c0291931d0 DEOPT PACKING pc=0x000002c0392524e4 sp=0x000000e9191fbf20
Event: 6.117 Thread 0x000002c0291931d0 DEOPT UNPACKING pc=0x000002c038b746a2 sp=0x000000e9191fbef0 mode 2

Classes loaded (20 events):
Event: 5.614 Loading class java/util/concurrent/CompletableFuture
Event: 5.615 Loading class java/util/concurrent/CompletableFuture done
Event: 5.615 Loading class java/util/concurrent/CompletableFuture$AltResult
Event: 5.615 Loading class java/util/concurrent/CompletableFuture$AltResult done
Event: 5.615 Loading class java/util/concurrent/CompletableFuture$Completion
Event: 5.615 Loading class java/util/concurrent/CompletableFuture$AsynchronousCompletionTask
Event: 5.615 Loading class java/util/concurrent/CompletableFuture$AsynchronousCompletionTask done
Event: 5.615 Loading class java/util/concurrent/CompletableFuture$Completion done
Event: 5.678 Loading class java/util/concurrent/CancellationException
Event: 5.678 Loading class java/util/concurrent/CancellationException done
Event: 5.989 Loading class java/util/ArrayList$ListItr
Event: 5.989 Loading class java/util/ArrayList$ListItr done
Event: 6.023 Loading class java/util/AbstractList$SubList
Event: 6.023 Loading class java/util/AbstractList$SubList done
Event: 6.079 Loading class java/lang/reflect/AnnotatedArrayType
Event: 6.079 Loading class java/lang/reflect/AnnotatedArrayType done
Event: 6.114 Loading class java/lang/foreign/ValueLayout
Event: 6.115 Loading class java/lang/foreign/MemoryLayout
Event: 6.115 Loading class java/lang/foreign/MemoryLayout done
Event: 6.115 Loading class java/lang/foreign/ValueLayout done

Classes unloaded (0 events):
No events

Classes redefined (0 events):
No events

Internal exceptions (20 events):
Event: 3.227 Thread 0x000002c0291931d0 Exception <a 'java/lang/NoSuchMethodError'{0x0000000083ecee40}: 'int java.lang.invoke.DirectMethodHandle$Holder.invokeVirtual(java.lang.Object, java.lang.Object, java.lang.Object, java.lang.Object)'> (0x0000000083ecee40) 
thrown [s\open\src\hotspot\share\interpreter\linkResolver.cpp, line 773]
Event: 3.228 Thread 0x000002c0291931d0 Exception <a 'java/lang/NoSuchMethodError'{0x0000000083ed28a8}: 'int java.lang.invoke.DelegatingMethodHandle$Holder.reinvoke_L(java.lang.Object, java.lang.Object, java.lang.Object, java.lang.Object)'> (0x0000000083ed28a8) 
thrown [s\open\src\hotspot\share\interpreter\linkResolver.cpp, line 773]
Event: 3.296 Thread 0x000002c0291931d0 Exception <a 'java/io/FileNotFoundException'{0x0000000083ccd0c0}> (0x0000000083ccd0c0) 
thrown [s\open\src\hotspot\share\prims\jni.cpp, line 520]
Event: 3.325 Thread 0x000002c0291931d0 Exception <a 'java/lang/NoSuchMethodError'{0x0000000083a538b0}: 'int java.lang.invoke.DirectMethodHandle$Holder.invokeInterface(java.lang.Object, java.lang.Object, java.lang.Object, java.lang.Object)'> (0x0000000083a538b0) 
thrown [s\open\src\hotspot\share\interpreter\linkResolver.cpp, line 773]
Event: 3.371 Thread 0x000002c0291931d0 Exception <a 'java/lang/NoSuchMethodError'{0x0000000083822be0}: 'long java.lang.invoke.DirectMethodHandle$Holder.invokeVirtual(java.lang.Object, java.lang.Object)'> (0x0000000083822be0) 
thrown [s\open\src\hotspot\share\interpreter\linkResolver.cpp, line 773]
Event: 3.489 Thread 0x000002c0291931d0 Exception <a 'java/lang/NoSuchMethodError'{0x0000000085736458}: 'java.lang.Object java.lang.invoke.DirectMethodHandle$Holder.newInvokeSpecial(java.lang.Object, java.lang.Object, java.lang.Object, java.lang.Object, java.lang.Object, java.lang.Object, java.lang.Object, java.lang.Object, java.lang.Object, java.lang.Object, java.lang.Object)'> (0x0000000085736458) 
thrown [s\open\src\hotspot\share\interpreter\linkResolver.cpp, line 773]
Event: 3.623 Thread 0x000002c0291931d0 Exception <a 'java/lang/NoSuchMethodError'{0x0000000085469650}: 'void java.lang.invoke.DelegatingMethodHandle$Holder.reinvoke_L(java.lang.Object, java.lang.Object, java.lang.Object, java.lang.Object, int, java.lang.Object, java.lang.Object, java.lang.Object)'> (0x0000000085469650) 
thrown [s\open\src\hotspot\share\interpreter\linkResolver.cpp, line 773]
Event: 4.376 Thread 0x000002c0291931d0 Exception <a 'java/lang/NoSuchMethodError'{0x000000008528f5e8}: 'int java.lang.invoke.DirectMethodHandle$Holder.invokeStatic(java.lang.Object)'> (0x000000008528f5e8) 
thrown [s\open\src\hotspot\share\interpreter\linkResolver.cpp, line 773]
Event: 4.746 Thread 0x000002c0291931d0 Exception <a 'sun/nio/fs/WindowsException'{0x0000000083947238}> (0x0000000083947238) 
thrown [s\open\src\hotspot\share\prims\jni.cpp, line 520]
Event: 5.176 Thread 0x000002c0291931d0 Exception <a 'java/lang/NoSuchMethodError'{0x0000000083328ad0}: 'java.lang.Object java.lang.invoke.DirectMethodHandle$Holder.invokeStaticInit(java.lang.Object, java.lang.Object, java.lang.Object, java.lang.Object)'> (0x0000000083328ad0) 
thrown [s\open\src\hotspot\share\interpreter\linkResolver.cpp, line 773]
Event: 5.214 Thread 0x000002c0291931d0 Exception <a 'java/lang/NoSuchMethodError'{0x00000000832214d8}: 'int java.lang.invoke.Invokers$Holder.invokeExact_MT(java.lang.Object, java.lang.Object)'> (0x00000000832214d8) 
thrown [s\open\src\hotspot\share\interpreter\linkResolver.cpp, line 773]
Event: 5.697 Thread 0x000002c0291931d0 Exception <a 'java/lang/IncompatibleClassChangeError'{0x00000000837c9580}: Found class java.lang.Object, but interface was expected> (0x00000000837c9580) 
thrown [s\open\src\hotspot\share\interpreter\linkResolver.cpp, line 840]
Event: 5.722 Thread 0x000002c0291931d0 Exception <a 'java/lang/NoSuchMethodError'{0x00000000836c7270}: 'java.lang.Object java.lang.invoke.DirectMethodHandle$Holder.invokeStatic(java.lang.Object, java.lang.Object, int, java.lang.Object)'> (0x00000000836c7270) 
thrown [s\open\src\hotspot\share\interpreter\linkResolver.cpp, line 773]
Event: 5.722 Thread 0x000002c0291931d0 Exception <a 'java/lang/NoSuchMethodError'{0x00000000836caa68}: 'java.lang.Object java.lang.invoke.DirectMethodHandle$Holder.invokeStaticInit(java.lang.Object, java.lang.Object, int, java.lang.Object)'> (0x00000000836caa68) 
thrown [s\open\src\hotspot\share\interpreter\linkResolver.cpp, line 773]
Event: 6.176 Thread 0x000002c0291931d0 Exception <a 'java/lang/NoSuchMethodError'{0x00000000837bb4f0}: 'void java.lang.invoke.DirectMethodHandle$Holder.invokeInterface(java.lang.Object, java.lang.Object, int, java.lang.Object)'> (0x00000000837bb4f0) 
thrown [s\open\src\hotspot\share\interpreter\linkResolver.cpp, line 773]
Event: 6.179 Thread 0x000002c0291931d0 Exception <a 'java/lang/NoSuchMethodError'{0x00000000837de098}: 'java.lang.Object java.lang.invoke.DirectMethodHandle$Holder.newInvokeSpecial(java.lang.Object, java.lang.Object, int, java.lang.Object)'> (0x00000000837de098) 
thrown [s\open\src\hotspot\share\interpreter\linkResolver.cpp, line 773]
Event: 6.179 Thread 0x000002c0291931d0 Exception <a 'java/lang/NoSuchMethodError'{0x00000000837e19f8}: 'java.lang.Object java.lang.invoke.Invokers$Holder.linkToTargetMethod(java.lang.Object, int, java.lang.Object, java.lang.Object)'> (0x00000000837e19f8) 
thrown [s\open\src\hotspot\share\interpreter\linkResolver.cpp, line 773]
Event: 6.197 Thread 0x000002c0291931d0 Exception <a 'java/lang/NoSuchMethodError'{0x00000000836a8a48}: 'void java.lang.invoke.DirectMethodHandle$Holder.invokeSpecial(java.lang.Object, java.lang.Object, java.lang.Object, java.lang.Object, java.lang.Object, java.lang.Object, java.lang.Object, java.lang.Object)'> (0x00000000836a8a48) 
thrown [s\open\src\hotspot\share\interpreter\linkResolver.cpp, line 773]
Event: 6.204 Thread 0x000002c0291931d0 Exception <a 'java/lang/NoSuchMethodError'{0x00000000836e1118}: 'void java.lang.invoke.DirectMethodHandle$Holder.invokeSpecial(java.lang.Object, java.lang.Object, int, java.lang.Object)'> (0x00000000836e1118) 
thrown [s\open\src\hotspot\share\interpreter\linkResolver.cpp, line 773]
Event: 6.204 Thread 0x000002c0291931d0 Exception <a 'java/lang/NoSuchMethodError'{0x00000000836e7440}: 'java.lang.Object java.lang.invoke.DirectMethodHandle$Holder.newInvokeSpecial(java.lang.Object, java.lang.Object, int)'> (0x00000000836e7440) 
thrown [s\open\src\hotspot\share\interpreter\linkResolver.cpp, line 773]

ZGC Phase Switch (0 events):
No events

VM Operations (20 events):
Event: 4.203 Executing VM operation: G1CollectForAllocation (G1 Evacuation Pause) done
Event: 4.262 Executing VM operation: CollectForMetadataAllocation (Metadata GC Threshold)
Event: 4.264 Executing VM operation: CollectForMetadataAllocation (Metadata GC Threshold) done
Event: 4.295 Executing VM operation: G1PauseRemark
Event: 4.299 Executing VM operation: G1PauseRemark done
Event: 4.310 Executing VM operation: G1PauseCleanup
Event: 4.310 Executing VM operation: G1PauseCleanup done
Event: 4.784 Executing VM operation: HandshakeAllThreads (Deoptimize)
Event: 4.784 Executing VM operation: HandshakeAllThreads (Deoptimize) done
Event: 4.993 Executing VM operation: HandshakeAllThreads (Deoptimize)
Event: 4.993 Executing VM operation: HandshakeAllThreads (Deoptimize) done
Event: 5.277 Executing VM operation: G1CollectForAllocation (G1 Evacuation Pause)
Event: 5.282 Executing VM operation: G1CollectForAllocation (G1 Evacuation Pause) done
Event: 5.765 Executing VM operation: G1CollectForAllocation (G1 Evacuation Pause)
Event: 5.773 Executing VM operation: G1CollectForAllocation (G1 Evacuation Pause) done
Event: 5.986 Executing VM operation: HandshakeAllThreads (Deoptimize)
Event: 5.986 Executing VM operation: HandshakeAllThreads (Deoptimize) done
Event: 5.990 Executing VM operation: HandshakeAllThreads (Deoptimize)
Event: 5.990 Executing VM operation: HandshakeAllThreads (Deoptimize) done
Event: 6.226 Executing VM operation: G1CollectForAllocation (G1 Evacuation Pause)

Events (20 events):
Event: 4.299 Thread 0x000002c045236050 flushing nmethod 0x000002c0390fad10
Event: 4.299 Thread 0x000002c045236050 flushing nmethod 0x000002c039109490
Event: 4.299 Thread 0x000002c045236050 flushing nmethod 0x000002c039103110
Event: 4.299 Thread 0x000002c045236050 flushing nmethod 0x000002c039101110
Event: 4.299 Thread 0x000002c045236050 flushing nmethod 0x000002c0390ea790
Event: 4.299 Thread 0x000002c045236050 flushing nmethod 0x000002c0390ea390
Event: 4.299 Thread 0x000002c045236050 flushing nmethod 0x000002c0390ea010
Event: 4.299 Thread 0x000002c045236050 flushing nmethod 0x000002c0390e9d10
Event: 4.299 Thread 0x000002c045236050 flushing nmethod 0x000002c0390cfc10
Event: 4.299 Thread 0x000002c045236050 flushing nmethod 0x000002c0390e6810
Event: 4.299 Thread 0x000002c045236050 flushing nmethod 0x000002c0390dac10
Event: 4.299 Thread 0x000002c045236050 flushing nmethod 0x000002c0390dc490
Event: 4.299 Thread 0x000002c045236050 flushing nmethod 0x000002c0390d6c90
Event: 4.299 Thread 0x000002c045236050 flushing nmethod 0x000002c0390d7e90
Event: 4.299 Thread 0x000002c045236050 flushing nmethod 0x000002c0390d5c10
Event: 4.299 Thread 0x000002c045236050 flushing nmethod 0x000002c0390cce10
Event: 4.299 Thread 0x000002c045236050 flushing nmethod 0x000002c0390c8710
Event: 4.299 Thread 0x000002c045236050 flushing nmethod 0x000002c0390c1490
Event: 5.066 Thread 0x000002c08cb617a0 Thread added: 0x000002c08cb617a0
Event: 5.181 Thread 0x000002c08c897840 Thread added: 0x000002c08c897840


Dynamic libraries:
0x00007ff6be2f0000 - 0x00007ff6be300000 	C:\Program Files\Java\jdk-21\bin\java.exe
0x00007ffde29b0000 - 0x00007ffde2ba8000 	C:\Windows\SYSTEM32\ntdll.dll
0x00007ffde1830000 - 0x00007ffde18f2000 	C:\Windows\System32\KERNEL32.DLL
0x00007ffde0330000 - 0x00007ffde062e000 	C:\Windows\System32\KERNELBASE.dll
0x00007ffde0050000 - 0x00007ffde0150000 	C:\Windows\System32\ucrtbase.dll
0x00007ffddd270000 - 0x00007ffddd289000 	C:\Program Files\Java\jdk-21\bin\jli.dll
0x00007ffde28b0000 - 0x00007ffde2961000 	C:\Windows\System32\ADVAPI32.dll
0x00007ffde0bd0000 - 0x00007ffde0c6e000 	C:\Windows\System32\msvcrt.dll
0x00007ffde1190000 - 0x00007ffde122f000 	C:\Windows\System32\sechost.dll
0x00007ffde1610000 - 0x00007ffde1733000 	C:\Windows\System32\RPCRT4.dll
0x00007ffde0300000 - 0x00007ffde0327000 	C:\Windows\System32\bcrypt.dll
0x00007ffde09d0000 - 0x00007ffde0b6d000 	C:\Windows\System32\USER32.dll
0x00007ffde0630000 - 0x00007ffde0652000 	C:\Windows\System32\win32u.dll
0x00007ffde1800000 - 0x00007ffde182b000 	C:\Windows\System32\GDI32.dll
0x00007ffde01e0000 - 0x00007ffde02f7000 	C:\Windows\System32\gdi32full.dll
0x00007ffde07d0000 - 0x00007ffde086d000 	C:\Windows\System32\msvcp_win.dll
0x00007ffdd8bc0000 - 0x00007ffdd8bdb000 	C:\Program Files\Java\jdk-21\bin\VCRUNTIME140.dll
0x00007ffdcc0f0000 - 0x00007ffdcc38a000 	C:\Windows\WinSxS\amd64_microsoft.windows.common-controls_6595b64144ccf1df_6.0.19041.4355_none_60b8b9eb71f62e16\COMCTL32.dll
0x00007ffdda370000 - 0x00007ffdda37a000 	C:\Windows\SYSTEM32\VERSION.dll
0x00007ffde1500000 - 0x00007ffde152f000 	C:\Windows\System32\IMM32.DLL
0x00007ffddc450000 - 0x00007ffddc45c000 	C:\Program Files\Java\jdk-21\bin\vcruntime140_1.dll
0x00007ffdaeba0000 - 0x00007ffdaec2e000 	C:\Program Files\Java\jdk-21\bin\msvcp140.dll
0x00007ffda0950000 - 0x00007ffda1665000 	C:\Program Files\Java\jdk-21\bin\server\jvm.dll
0x00007ffde0e10000 - 0x00007ffde0e7b000 	C:\Windows\System32\WS2_32.dll
0x00007ffddf5e0000 - 0x00007ffddf62b000 	C:\Windows\SYSTEM32\POWRPROF.dll
0x00007ffdcfbd0000 - 0x00007ffdcfbf7000 	C:\Windows\SYSTEM32\WINMM.dll
0x00007ffddf450000 - 0x00007ffddf462000 	C:\Windows\SYSTEM32\UMPDC.dll
0x00007ffdde8c0000 - 0x00007ffdde8d2000 	C:\Windows\SYSTEM32\kernel.appcore.dll
0x00007ffdd8bb0000 - 0x00007ffdd8bba000 	C:\Program Files\Java\jdk-21\bin\jimage.dll
0x00007ffdcf9e0000 - 0x00007ffdcfbc4000 	C:\Windows\SYSTEM32\DBGHELP.DLL
0x00007ffdced90000 - 0x00007ffdcedc4000 	C:\Windows\SYSTEM32\dbgcore.DLL
0x00007ffde0150000 - 0x00007ffde01d2000 	C:\Windows\System32\bcryptPrimitives.dll
0x00007ffdd6730000 - 0x00007ffdd673f000 	C:\Program Files\Java\jdk-21\bin\instrument.dll
0x00007ffdd7880000 - 0x00007ffdd789f000 	C:\Program Files\Java\jdk-21\bin\java.dll
0x00007ffde1dd0000 - 0x00007ffde253d000 	C:\Windows\System32\SHELL32.dll
0x00007ffdde080000 - 0x00007ffdde824000 	C:\Windows\SYSTEM32\windows.storage.dll
0x00007ffde2550000 - 0x00007ffde28a3000 	C:\Windows\System32\combase.dll
0x00007ffddfa80000 - 0x00007ffddfaae000 	C:\Windows\SYSTEM32\Wldp.dll
0x00007ffde0e80000 - 0x00007ffde0f4d000 	C:\Windows\System32\OLEAUT32.dll
0x00007ffde1750000 - 0x00007ffde17fd000 	C:\Windows\System32\SHCORE.dll
0x00007ffde0d00000 - 0x00007ffde0d55000 	C:\Windows\System32\shlwapi.dll
0x00007ffddff80000 - 0x00007ffddffa4000 	C:\Windows\SYSTEM32\profapi.dll
0x00007ffdadc80000 - 0x00007ffdadd57000 	C:\Program Files\Java\jdk-21\bin\jsvml.dll
0x00007ffdce9a0000 - 0x00007ffdce9b8000 	C:\Program Files\Java\jdk-21\bin\zip.dll
0x00007ffdd7e70000 - 0x00007ffdd7e80000 	C:\Program Files\Java\jdk-21\bin\net.dll
0x00007ffdddf20000 - 0x00007ffdde02d000 	C:\Windows\SYSTEM32\WINHTTP.dll
0x00007ffddf7e0000 - 0x00007ffddf84a000 	C:\Windows\system32\mswsock.dll
0x00007ffdd0960000 - 0x00007ffdd0976000 	C:\Program Files\Java\jdk-21\bin\nio.dll
0x00007ffdd6710000 - 0x00007ffdd672a000 	D:\IntelliJ_IDE\Application\IntelliJ IDEA Community Edition 2024.2\bin\breakgen64.dll
0x00007ffdd7870000 - 0x00007ffdd7877000 	C:\Program Files\Java\jdk-21\bin\extnet.dll
0x00007ffdd6740000 - 0x00007ffdd674e000 	C:\Program Files\Java\jdk-21\bin\sunmscapi.dll
0x00007ffde0870000 - 0x00007ffde09cc000 	C:\Windows\System32\CRYPT32.dll
0x00007ffddfaf0000 - 0x00007ffddfb17000 	C:\Windows\SYSTEM32\ncrypt.dll
0x00007ffddfab0000 - 0x00007ffddfaeb000 	C:\Windows\SYSTEM32\NTASN1.dll
0x00007ffddf9d0000 - 0x00007ffddf9e8000 	C:\Windows\SYSTEM32\CRYPTSP.dll
0x00007ffddf090000 - 0x00007ffddf0c4000 	C:\Windows\system32\rsaenh.dll
0x00007ffddff40000 - 0x00007ffddff6e000 	C:\Windows\SYSTEM32\USERENV.dll
0x00007ffddf9f0000 - 0x00007ffddf9fc000 	C:\Windows\SYSTEM32\CRYPTBASE.dll
0x00007ffddf470000 - 0x00007ffddf4ab000 	C:\Windows\SYSTEM32\IPHLPAPI.DLL
0x00007ffde1740000 - 0x00007ffde1748000 	C:\Windows\System32\NSI.dll
0x00007ffdce940000 - 0x00007ffdce94a000 	C:\Program Files\Java\jdk-21\bin\management.dll
0x00007ffdcd4c0000 - 0x00007ffdcd4cb000 	C:\Program Files\Java\jdk-21\bin\management_ext.dll
0x00007ffde2540000 - 0x00007ffde2548000 	C:\Windows\System32\PSAPI.DLL
0x00007ffdce950000 - 0x00007ffdce960000 	C:\Program Files\Java\jdk-21\bin\verify.dll
0x00007ffddf4c0000 - 0x00007ffddf58a000 	C:\Windows\SYSTEM32\DNSAPI.dll
0x00007ffdd76c0000 - 0x00007ffdd76ca000 	C:\Windows\System32\rasadhlp.dll
0x00007ffdd7590000 - 0x00007ffdd7610000 	C:\Windows\System32\fwpuclnt.dll

dbghelp: loaded successfully - version: 4.0.5 - missing functions: none
symbol engine: initialized successfully - sym options: 0x614 - pdb path: .;C:\Program Files\Java\jdk-21\bin;C:\Windows\SYSTEM32;C:\Windows\WinSxS\amd64_microsoft.windows.common-controls_6595b64144ccf1df_6.0.19041.4355_none_60b8b9eb71f62e16;C:\Program Files\Java\jdk-21\bin\server;D:\IntelliJ_IDE\Application\IntelliJ IDEA Community Edition 2024.2\bin

VM Arguments:
jvm_args: -javaagent:D:\IntelliJ_IDE\Application\IntelliJ IDEA Community Edition 2024.2\lib\idea_rt.jar=61917:D:\IntelliJ_IDE\Application\IntelliJ IDEA Community Edition 2024.2\bin -Dfile.encoding=UTF-8 -Dsun.stdout.encoding=UTF-8 -Dsun.stderr.encoding=UTF-8 
java_command: com.example.B_Employee.BEmployeeApplication
java_class_path (initial): D:\SpringBootProject\Employee_Management_App\B-Employee\target\classes;C:\Users\bboob\.m2\repository\org\springframework\boot\spring-boot-starter-data-jpa\3.4.1\spring-boot-starter-data-jpa-3.4.1.jar;C:\Users\bboob\.m2\repository\org\springframework\boot\spring-boot-starter\3.4.1\spring-boot-starter-3.4.1.jar;C:\Users\bboob\.m2\repository\org\springframework\boot\spring-boot\3.4.1\spring-boot-3.4.1.jar;C:\Users\bboob\.m2\repository\org\springframework\boot\spring-boot-autoconfigure\3.4.1\spring-boot-autoconfigure-3.4.1.jar;C:\Users\bboob\.m2\repository\org\springframework\boot\spring-boot-starter-logging\3.4.1\spring-boot-starter-logging-3.4.1.jar;C:\Users\bboob\.m2\repository\ch\qos\logback\logback-classic\1.5.12\logback-classic-1.5.12.jar;C:\Users\bboob\.m2\repository\ch\qos\logback\logback-core\1.5.12\logback-core-1.5.12.jar;C:\Users\bboob\.m2\repository\org\apache\logging\log4j\log4j-to-slf4j\2.24.3\log4j-to-slf4j-2.24.3.jar;C:\Users\bboob\.m2\repository\org\apache\logging\log4j\log4j-api\2.24.3\log4j-api-2.24.3.jar;C:\Users\bboob\.m2\repository\org\slf4j\jul-to-slf4j\2.0.16\jul-to-slf4j-2.0.16.jar;C:\Users\bboob\.m2\repository\jakarta\annotation\jakarta.annotation-api\2.1.1\jakarta.annotation-api-2.1.1.jar;C:\Users\bboob\.m2\repository\org\yaml\snakeyaml\2.3\snakeyaml-2.3.jar;C:\Users\bboob\.m2\repository\org\springframework\boot\spring-boot-starter-jdbc\3.4.1\spring-boot-starter-jdbc-3.4.1.jar;C:\Users\bboob\.m2\repository\com\zaxxer\HikariCP\5.1.0\HikariCP-5.1.0.jar;C:\Users\bboob\.m2\repository\org\springframework\spring-jdbc\6.2.1\spring-jdbc-6.2.1.jar;C:\Users\bboob\.m2\repository\org\hibernate\orm\hibernate-core\6.6.4.Final\hibernate-core-6.6.4.Final.jar;C:\Users\bboob\.m2\repository\jakarta\persistence\jakarta.persistence-api\3.1.0\jakarta.persistence-api-3.1.0.jar;C:\Users\bboob\.m2\repository\jakarta\transaction\jakarta.transaction-api\2.0.1\jakarta.transaction-api-2.0.1.jar;C:\Users\bboob\.m2\repository\org\jboss\logging\jboss-logging\3.6.1.Final\jboss-logging-3.6.1.Final.jar;C:\Users\bboob\.m2\repository\org\hibernate\common\hibernate-commons-annotations\7.0.3.Final\hibernate-commons-annotations-7.0.3.Final.jar;C:\Users\bboob\.m2\repository\io\smallrye\jandex\3.2.0\jandex-3.2.0.jar;C:\Users\bboob\.m2\repository\com\fasterxml\classmate\1.7.0\classmate-1.7.0.jar;C:\Users\bboob\.m2\repository\net\bytebuddy\byte-buddy\1.15.11\byte-buddy-1.15.11.jar;C:\Users\bboob\.m2\repository\org\glassfish\jaxb\jaxb-runtime\4.0.5\jaxb-runtime-4.0.5.jar;C:\Users\bboob\.m2\repository\org\glassfish\jaxb\jaxb-core\4.0.5\jaxb-core-4.0.5.jar;C:\Users\bboob\.m2\repository\org\eclipse\angus\angus-activation\2.0.2\angus-activation-2.0.2.jar;C:\Users\bboob\.m2\repository\org\glassfish\jaxb\txw2\4.0.5\txw2-4.0.5.jar;C:\Users\bboob\.m2\repository\com\sun\istack\istack-commons-runtime\4.1.2\istack-commons-runtime-4.1.2.jar;C:\Users\bboob\.m2\repository\jakarta\inject\jakarta.inject-api\2.0.1\jakarta.inject-api-2.0.1.jar;C:\Users\bboob\.m2\repository\org\antlr\antlr4-runtime\4.13.0\antlr4-runtime-4.13.0.jar;C:\Users\bboob\.m2\repository\org\springframework\data\spring-data-jpa\3.4.1\spring-data-jpa-3.4.1.jar;C:\Users\bboob\.m2\repository\org\springframework\data\spring-data-commons\3.4.1\spring-data-commons-3.4.1.jar;C:\Users\bboob\.m2\repository\org\springframework\spring-orm\6.2.1\spring-orm-6.2.1.jar;C:\Users\bboob\.m2\repository\org\springframework\spring-context\6.2.1\spring-context-6.2.1.jar;C:\Users\bboob\.m2\repository\org\springframework\spring-aop\6.2.1\spring-aop-6.2.1.jar;C:\Users\bboob\.m2\repository\org\springframework\spring-tx\6.2.1\spring-tx-6.2.1.jar;C:\Users\bboob\.m2\repository\org\springframework\spring-beans\6.2.1\spring-beans-6.2.1.jar;C:\Users\bboob\.m2\repository\org\slf4j\slf4j-api\2.0.16\slf4j-api-2.0.16.jar;C:\Users\bboob\.m2\repository\org\springframework\spring-aspects\6.2.1\spring-aspects-6.2.1.jar;C:\Users\bboob\.m2\repository\org\aspectj\aspectjweaver\1.9.22.1\aspectjweaver-1.9.22.1.jar;C:\Users\bboob\.m2\repository\org\springframework\boot\spring-boot-starter-web\3.4.1\spring-boot-starter-web-3.4.1.jar;C:\Users\bboob\.m2\repository\org\springframework\boot\spring-boot-starter-json\3.4.1\spring-boot-starter-json-3.4.1.jar;C:\Users\bboob\.m2\repository\com\fasterxml\jackson\core\jackson-databind\2.18.2\jackson-databind-2.18.2.jar;C:\Users\bboob\.m2\repository\com\fasterxml\jackson\core\jackson-annotations\2.18.2\jackson-annotations-2.18.2.jar;C:\Users\bboob\.m2\repository\com\fasterxml\jackson\core\jackson-core\2.18.2\jackson-core-2.18.2.jar;C:\Users\bboob\.m2\repository\com\fasterxml\jackson\datatype\jackson-datatype-jdk8\2.18.2\jackson-datatype-jdk8-2.18.2.jar;C:\Users\bboob\.m2\repository\com\fasterxml\jackson\datatype\jackson-datatype-jsr310\2.18.2\jackson-datatype-jsr310-2.18.2.jar;C:\Users\bboob\.m2\repository\com\fasterxml\jackson\module\jackson-module-parameter-names\2.18.2\jackson-module-parameter-names-2.18.2.jar;C:\Users\bboob\.m2\repository\org\springframework\boot\spring-boot-starter-tomcat\3.4.1\spring-boot-starter-tomcat-3.4.1.jar;C:\Users\bboob\.m2\repository\org\apache\tomcat\embed\tomcat-embed-core\10.1.34\tomcat-embed-core-10.1.34.jar;C:\Users\bboob\.m2\repository\org\apache\tomcat\embed\tomcat-embed-el\10.1.34\tomcat-embed-el-10.1.34.jar;C:\Users\bboob\.m2\repository\org\apache\tomcat\embed\tomcat-embed-websocket\10.1.34\tomcat-embed-websocket-10.1.34.jar;C:\Users\bboob\.m2\repository\org\springframework\spring-web\6.2.1\spring-web-6.2.1.jar;C:\Users\bboob\.m2\repository\io\micrometer\micrometer-observation\1.14.2\micrometer-observation-1.14.2.jar;C:\Users\bboob\.m2\repository\io\micrometer\micrometer-commons\1.14.2\micrometer-commons-1.14.2.jar;C:\Users\bboob\.m2\repository\org\springframework\spring-webmvc\6.2.1\spring-webmvc-6.2.1.jar;C:\Users\bboob\.m2\repository\org\springframework\spring-expression\6.2.1\spring-expression-6.2.1.jar;C:\Users\bboob\.m2\repository\com\mysql\mysql-connector-j\9.1.0\mysql-connector-j-9.1.0.jar;C:\Users\bboob\.m2\repository\jakarta\xml\bind\jakarta.xml.bind-api\4.0.2\jakarta.xml.bind-api-4.0.2.jar;C:\Users\bboob\.m2\repository\jakarta\activation\jakarta.activation-api\2.1.3\jakarta.activation-api-2.1.3.jar;C:\Users\bboob\.m2\repository\org\springframework\spring-core\6.2.1\spring-core-6.2.1.jar;C:\Users\bboob\.m2\repository\org\springframework\spring-jcl\6.2.1\spring-jcl-6.2.1.jar
Launcher Type: SUN_STANDARD

[Global flags]
     intx CICompilerCount                          = 3                                         {product} {ergonomic}
     uint ConcGCThreads                            = 1                                         {product} {ergonomic}
     uint G1ConcRefinementThreads                  = 4                                         {product} {ergonomic}
   size_t G1HeapRegionSize                         = 1048576                                   {product} {ergonomic}
    uintx GCDrainStackTargetSize                   = 64                                        {product} {ergonomic}
   size_t InitialHeapSize                          = 134217728                                 {product} {ergonomic}
   size_t MarkStackSize                            = 4194304                                   {product} {ergonomic}
   size_t MaxHeapSize                              = 2122317824                                {product} {ergonomic}
   size_t MaxNewSize                               = 1272971264                                {product} {ergonomic}
   size_t MinHeapDeltaBytes                        = 1048576                                   {product} {ergonomic}
   size_t MinHeapSize                              = 8388608                                   {product} {ergonomic}
    uintx NonNMethodCodeHeapSize                   = 5832780                                {pd product} {ergonomic}
    uintx NonProfiledCodeHeapSize                  = 122912730                              {pd product} {ergonomic}
    uintx ProfiledCodeHeapSize                     = 122912730                              {pd product} {ergonomic}
    uintx ReservedCodeCacheSize                    = 251658240                              {pd product} {ergonomic}
     bool SegmentedCodeCache                       = true                                      {product} {ergonomic}
   size_t SoftMaxHeapSize                          = 2122317824                             {manageable} {ergonomic}
     bool UseCompressedOops                        = true                           {product lp64_product} {ergonomic}
     bool UseG1GC                                  = true                                      {product} {ergonomic}
     bool UseLargePagesIndividualAllocation        = false                                  {pd product} {ergonomic}

Logging:
Log output configuration:
 #0: stdout all=warning uptime,level,tags foldmultilines=false
 #1: stderr all=off uptime,level,tags foldmultilines=false

Environment Variables:
JAVA_HOME=C:\Program Files\Android\Android Studio\jbr
CLASSPATH=C:\mysql-connector-j-8.3.0:,;
PATH=C:\Program Files\Eclipse Adoptium\jdk-21.0.5.11-hotspot\bin;D:\Oracle_SQL\bin;C:\Program Files\Common Files\Oracle\Java\javapath;C:\Program Files (x86)\VMware\VMware Workstation\bin\;C:\Windows\system32;C:\Windows;C:\Windows\System32\Wbem;C:\Windows\System32\WindowsPowerShell\v1.0\;C:\Windows\System32\OpenSSH\;C:\Program Files\MongoDB\Server\7.0\bin;C:\Program Files\nodejs\;D:\Uniconverge_Upskills\Tor\Gpg4win\..\GnuPG\bin;C:\Users\bboob\AppData\Local\Programs\Python\Python312\Scripts\;C:\Users\bboob\AppData\Local\Programs\Python\Python312\;C:\Users\bboob\AppData\Local\Programs\Python\Launcher\;C:\Program Files\MySQL\MySQL Shell 8.0\bin\;C:\Users\bboob\AppData\Local\Microsoft\WindowsApps;C:\Program Files\sf\bin;D:\MONGO_DB\;D:\IntelliJ_IDE\Application\IntelliJ IDEA Community Edition 2024.2\bin;;C:\Users\bboob\AppData\Roaming\npm;C:\Users\bboob\AppData\Local\Programs\Microsoft VS Code\bin
USERNAME=ram
OS=Windows_NT
PROCESSOR_IDENTIFIER=Intel64 Family 6 Model 142 Stepping 10, GenuineIntel
TMP=C:\Users\bboob\AppData\Local\Temp
TEMP=C:\Users\bboob\AppData\Local\Temp




Periodic native trim disabled

---------------  S Y S T E M  ---------------

OS:
 Windows 10 , 64 bit Build 19041 (10.0.19041.5198)
OS uptime: 0 days 0:30 hours

CPU: total 4 (initial active 4) (2 cores per cpu, 2 threads per core) family 6 model 142 stepping 10 microcode 0xf0, cx8, cmov, fxsr, ht, mmx, 3dnowpref, sse, sse2, sse3, ssse3, sse4.1, sse4.2, popcnt, lzcnt, tsc, tscinvbit, avx, avx2, aes, erms, clmul, bmi1, bmi2, adx, fma, vzeroupper, clflush, clflushopt, rdtscp, f16c
Processor Information for processor 0
  Max Mhz: 2201, Current Mhz: 1500, Mhz Limit: 2201
Processor Information for processor 1
  Max Mhz: 2201, Current Mhz: 1500, Mhz Limit: 2201
Processor Information for processor 2
  Max Mhz: 2201, Current Mhz: 1500, Mhz Limit: 2201
Processor Information for processor 3
  Max Mhz: 2201, Current Mhz: 2201, Mhz Limit: 2201

Memory: 4k page, system-wide physical 8093M (720M free)
TotalPageFile size 8093M (AvailPageFile size 14M)
current process WorkingSet (physical memory assigned to process): 211M, peak: 211M
current process commit charge ("private bytes"): 239M, peak: 257M

vm_info: Java HotSpot(TM) 64-Bit Server VM (21.0.1+12-LTS-29) for windows-amd64 JRE (21.0.1+12-LTS-29), built on 2023-10-05T13:27:09Z by "mach5one" with MS VC++ 17.1 (VS2022)

END.
